[29/Mar/2024 00:16:40] [:] INFO - Bootstrapping Spring Data JPA repositories in DEFAULT mode. (org.springframework.data.repository.config.RepositoryConfigurationDelegate.registerRepositoriesIn(RepositoryConfigurationDelegate.java:132))
[29/Mar/2024 00:16:41] [:] INFO - Finished Spring Data repository scanning in 709 ms. Found 58 JPA repository interfaces. (org.springframework.data.repository.config.RepositoryConfigurationDelegate.registerRepositoriesIn(RepositoryConfigurationDelegate.java:201))
[29/Mar/2024 00:16:42] [:] INFO - MLog clients using slf4j logging. (com.mchange.v2.log.slf4j.Slf4jMLog$Slf4jMLogger$InfoLogger.log(Slf4jMLog.java:212))
[29/Mar/2024 00:16:42] [:] INFO - Initializing c3p0-0.9.5.5 [built 11-December-2019 22:18:33 -0800; debug? true; trace: 10] (com.mchange.v2.log.slf4j.Slf4jMLog$Slf4jMLogger$InfoLogger.log(Slf4jMLog.java:212))
[29/Mar/2024 00:16:43] [:] INFO - HHH000204: Processing PersistenceUnitInfo [name: default] (org.hibernate.jpa.internal.util.LogHelper.logPersistenceUnitInformation(LogHelper.java:31))
[29/Mar/2024 00:16:43] [:] INFO - HHH000204: Processing PersistenceUnitInfo [name: default] (org.hibernate.jpa.internal.util.LogHelper.logPersistenceUnitInformation(LogHelper.java:31))
[29/Mar/2024 00:16:43] [:] INFO - HHH000412: Hibernate ORM core version 5.6.15.Final (org.hibernate.Version.logVersion(Version.java:44))
[29/Mar/2024 00:16:43] [:] INFO - HHH000412: Hibernate ORM core version 5.6.15.Final (org.hibernate.Version.logVersion(Version.java:44))
[29/Mar/2024 00:16:43] [:] INFO - HCANN000001: Hibernate Commons Annotations {5.1.2.Final} (org.hibernate.annotations.common.reflection.java.JavaReflectionManager.<clinit>(JavaReflectionManager.java:56))
[29/Mar/2024 00:16:43] [:] INFO - HCANN000001: Hibernate Commons Annotations {5.1.2.Final} (org.hibernate.annotations.common.reflection.java.JavaReflectionManager.<clinit>(JavaReflectionManager.java:56))
[29/Mar/2024 00:16:44] [:] INFO - Initializing c3p0 pool... com.mchange.v2.c3p0.ComboPooledDataSource [ acquireIncrement -> 1, acquireRetryAttempts -> 30, acquireRetryDelay -> 1000, autoCommitOnClose -> false, automaticTestTable -> null, breakAfterAcquireFailure -> false, checkoutTimeout -> 5000, connectionCustomizerClassName -> null, connectionTesterClassName -> com.mchange.v2.c3p0.impl.DefaultConnectionTester, contextClassLoaderSource -> caller, dataSourceName -> 1hge0yyb211acb3i1dzdzkc|6345e7b9, debugUnreturnedConnectionStackTraces -> false, description -> null, driverClass -> com.mysql.cj.jdbc.Driver, extensions -> {}, factoryClassLocation -> null, forceIgnoreUnresolvedTransactions -> false, forceSynchronousCheckins -> false, forceUseNamedDriverClass -> false, identityToken -> 1hge0yyb211acb3i1dzdzkc|6345e7b9, idleConnectionTestPeriod -> 0, initialPoolSize -> 3, jdbcUrl -> jdbc:mysql://127.0.0.1:3306/oh, maxAdministrativeTaskTime -> 0, maxConnectionAge -> 0, maxIdleTime -> 300, maxIdleTimeExcessConnections -> 0, maxPoolSize -> 10, maxStatements -> 0, maxStatementsPerConnection -> 0, minPoolSize -> 0, numHelperThreads -> 3, preferredTestQuery -> null, privilegeSpawnedThreads -> false, properties -> {password=******, user=******}, propertyCycle -> 0, statementCacheNumDeferredCloseThreads -> 0, testConnectionOnCheckin -> false, testConnectionOnCheckout -> false, unreturnedConnectionTimeout -> 0, userOverrides -> {}, usesTraditionalReflectiveProxies -> false ] (com.mchange.v2.log.slf4j.Slf4jMLog$Slf4jMLogger$InfoLogger.log(Slf4jMLog.java:212))
[29/Mar/2024 00:16:45] [:] INFO - HHH000400: Using dialect: org.hibernate.dialect.MySQLDialect (org.hibernate.dialect.Dialect.<init>(Dialect.java:175))
[29/Mar/2024 00:16:45] [:] INFO - HHH000400: Using dialect: org.hibernate.dialect.MySQLDialect (org.hibernate.dialect.Dialect.<init>(Dialect.java:175))
[29/Mar/2024 00:16:46] [:] INFO - HHH000490: Using JtaPlatform implementation: [org.hibernate.engine.transaction.jta.platform.internal.NoJtaPlatform] (org.hibernate.engine.transaction.jta.platform.internal.JtaPlatformInitiator.initiateService(JtaPlatformInitiator.java:52))
[29/Mar/2024 00:16:46] [:] INFO - HHH000490: Using JtaPlatform implementation: [org.hibernate.engine.transaction.jta.platform.internal.NoJtaPlatform] (org.hibernate.engine.transaction.jta.platform.internal.JtaPlatformInitiator.initiateService(JtaPlatformInitiator.java:52))
[29/Mar/2024 00:16:46] [:] INFO - Initialized JPA EntityManagerFactory for persistence unit 'default' (org.springframework.orm.jpa.AbstractEntityManagerFactoryBean.buildNativeEntityManagerFactory(AbstractEntityManagerFactoryBean.java:437))
[29/Mar/2024 00:16:51] [:] INFO - SMS Sender GSM started... (org.isf.sms.providers.gsm.GSMGatewayService.<init>(GSMGatewayService.java:57))
[29/Mar/2024 00:16:51] [:] INFO - File sms.properties loaded. (org.isf.generaldata.ConfigurationProperties.loadPropertiesFile(ConfigurationProperties.java:93))
[29/Mar/2024 00:16:51] [:] ERROR - >> 'examination.properties' file not found. (org.isf.generaldata.ConfigurationProperties.loadPropertiesFile(ConfigurationProperties.java:85))
[29/Mar/2024 00:16:51] [:] WARN - HEIGHT_MIN property not found: default is 0 (org.isf.generaldata.ConfigurationProperties.myGetProperty(ConfigurationProperties.java:126))
[29/Mar/2024 00:16:51] [:] WARN - HEIGHT_MAX property not found: default is 250 (org.isf.generaldata.ConfigurationProperties.myGetProperty(ConfigurationProperties.java:126))
[29/Mar/2024 00:16:51] [:] WARN - HEIGHT_INIT property not found: default is 0 (org.isf.generaldata.ConfigurationProperties.myGetProperty(ConfigurationProperties.java:126))
[29/Mar/2024 00:16:51] [:] WARN - WEIGHT_MIN property not found: default is 0 (org.isf.generaldata.ConfigurationProperties.myGetProperty(ConfigurationProperties.java:126))
[29/Mar/2024 00:16:51] [:] WARN - WEIGHT_MAX property not found: default is 200 (org.isf.generaldata.ConfigurationProperties.myGetProperty(ConfigurationProperties.java:126))
[29/Mar/2024 00:16:51] [:] WARN - WEIGHT_STEP property not found: default is 0.1 (org.isf.generaldata.ConfigurationProperties.myGetProperty(ConfigurationProperties.java:161))
[29/Mar/2024 00:16:51] [:] WARN - WEIGHT_INIT property not found: default is 0 (org.isf.generaldata.ConfigurationProperties.myGetProperty(ConfigurationProperties.java:126))
[29/Mar/2024 00:16:51] [:] WARN - AP_MIN_INIT property not found: default is 80 (org.isf.generaldata.ConfigurationProperties.myGetProperty(ConfigurationProperties.java:126))
[29/Mar/2024 00:16:51] [:] WARN - AP_MAX_INIT property not found: default is 120 (org.isf.generaldata.ConfigurationProperties.myGetProperty(ConfigurationProperties.java:126))
[29/Mar/2024 00:16:51] [:] WARN - HR_MIN property not found: default is 0 (org.isf.generaldata.ConfigurationProperties.myGetProperty(ConfigurationProperties.java:126))
[29/Mar/2024 00:16:51] [:] WARN - HR_MAX property not found: default is 240 (org.isf.generaldata.ConfigurationProperties.myGetProperty(ConfigurationProperties.java:126))
[29/Mar/2024 00:16:51] [:] WARN - HR_INIT property not found: default is 60 (org.isf.generaldata.ConfigurationProperties.myGetProperty(ConfigurationProperties.java:126))
[29/Mar/2024 00:16:51] [:] WARN - TEMP_MIN property not found: default is 30 (org.isf.generaldata.ConfigurationProperties.myGetProperty(ConfigurationProperties.java:126))
[29/Mar/2024 00:16:51] [:] WARN - TEMP_MAX property not found: default is 50 (org.isf.generaldata.ConfigurationProperties.myGetProperty(ConfigurationProperties.java:126))
[29/Mar/2024 00:16:51] [:] WARN - TEMP_INIT property not found: default is 36 (org.isf.generaldata.ConfigurationProperties.myGetProperty(ConfigurationProperties.java:126))
[29/Mar/2024 00:16:51] [:] WARN - TEMP_STEP property not found: default is 0.1 (org.isf.generaldata.ConfigurationProperties.myGetProperty(ConfigurationProperties.java:161))
[29/Mar/2024 00:16:51] [:] WARN - SAT_MIN property not found: default is 50 (org.isf.generaldata.ConfigurationProperties.myGetProperty(ConfigurationProperties.java:126))
[29/Mar/2024 00:16:51] [:] WARN - SAT_INIT property not found: default is 90 (org.isf.generaldata.ConfigurationProperties.myGetProperty(ConfigurationProperties.java:126))
[29/Mar/2024 00:16:51] [:] WARN - SAT_STEP property not found: default is 0.1 (org.isf.generaldata.ConfigurationProperties.myGetProperty(ConfigurationProperties.java:161))
[29/Mar/2024 00:16:51] [:] WARN - HGT_MIN property not found: default is 30 (org.isf.generaldata.ConfigurationProperties.myGetProperty(ConfigurationProperties.java:126))
[29/Mar/2024 00:16:51] [:] WARN - HGT_MAX property not found: default is 600 (org.isf.generaldata.ConfigurationProperties.myGetProperty(ConfigurationProperties.java:126))
[29/Mar/2024 00:16:51] [:] WARN - HGT_INIT property not found: default is 80 (org.isf.generaldata.ConfigurationProperties.myGetProperty(ConfigurationProperties.java:126))
[29/Mar/2024 00:16:51] [:] WARN - DIURESIS_MIN property not found: default is 0 (org.isf.generaldata.ConfigurationProperties.myGetProperty(ConfigurationProperties.java:126))
[29/Mar/2024 00:16:51] [:] WARN - DIURESIS_MAX property not found: default is 2500 (org.isf.generaldata.ConfigurationProperties.myGetProperty(ConfigurationProperties.java:126))
[29/Mar/2024 00:16:51] [:] WARN - DIURESIS_INIT property not found: default is 100 (org.isf.generaldata.ConfigurationProperties.myGetProperty(ConfigurationProperties.java:126))
[29/Mar/2024 00:16:51] [:] WARN - RR_MIN property not found: default is 0 (org.isf.generaldata.ConfigurationProperties.myGetProperty(ConfigurationProperties.java:126))
[29/Mar/2024 00:16:51] [:] WARN - RR_MAX property not found: default is 100 (org.isf.generaldata.ConfigurationProperties.myGetProperty(ConfigurationProperties.java:126))
[29/Mar/2024 00:16:51] [:] WARN - RR_INIT property not found: default is 20 (org.isf.generaldata.ConfigurationProperties.myGetProperty(ConfigurationProperties.java:126))
[29/Mar/2024 00:16:51] [:] WARN - LIST_SIZE property not found: default is 4 (org.isf.generaldata.ConfigurationProperties.myGetProperty(ConfigurationProperties.java:126))
[29/Mar/2024 00:16:52] [:] INFO - 

=====================
Starting Open Hospital
=====================
 (org.isf.menu.gui.Menu.createAndShowGUI(Menu.java:59))
[29/Mar/2024 00:16:52] [:] INFO - File version.properties loaded. (org.isf.generaldata.ConfigurationProperties.loadPropertiesFile(ConfigurationProperties.java:93))
[29/Mar/2024 00:16:52] [:] INFO - Open Hospital version 1.14.0 (org.isf.menu.gui.Menu.checkOHVersion(Menu.java:71))
[29/Mar/2024 00:16:52] [:] INFO - Java version 17.0.10 (org.isf.menu.gui.Menu.checkJavaVersion(Menu.java:76))
[29/Mar/2024 00:16:52] [:] INFO - File settings.properties loaded. (org.isf.generaldata.ConfigurationProperties.loadPropertiesFile(ConfigurationProperties.java:93))
[29/Mar/2024 00:16:52] [:] ERROR - >> no resource bundle found. (org.isf.generaldata.MessageBundle.initialize(MessageBundle.java:52))
[29/Mar/2024 00:17:43] [:] INFO - Bootstrapping Spring Data JPA repositories in DEFAULT mode. (org.springframework.data.repository.config.RepositoryConfigurationDelegate.registerRepositoriesIn(RepositoryConfigurationDelegate.java:132))
[29/Mar/2024 00:17:44] [:] INFO - Finished Spring Data repository scanning in 720 ms. Found 58 JPA repository interfaces. (org.springframework.data.repository.config.RepositoryConfigurationDelegate.registerRepositoriesIn(RepositoryConfigurationDelegate.java:201))
[29/Mar/2024 00:17:45] [:] INFO - MLog clients using slf4j logging. (com.mchange.v2.log.slf4j.Slf4jMLog$Slf4jMLogger$InfoLogger.log(Slf4jMLog.java:212))
[29/Mar/2024 00:17:45] [:] INFO - Initializing c3p0-0.9.5.5 [built 11-December-2019 22:18:33 -0800; debug? true; trace: 10] (com.mchange.v2.log.slf4j.Slf4jMLog$Slf4jMLogger$InfoLogger.log(Slf4jMLog.java:212))
[29/Mar/2024 00:17:45] [:] INFO - HHH000204: Processing PersistenceUnitInfo [name: default] (org.hibernate.jpa.internal.util.LogHelper.logPersistenceUnitInformation(LogHelper.java:31))
[29/Mar/2024 00:17:45] [:] INFO - HHH000204: Processing PersistenceUnitInfo [name: default] (org.hibernate.jpa.internal.util.LogHelper.logPersistenceUnitInformation(LogHelper.java:31))
[29/Mar/2024 00:17:45] [:] INFO - HHH000412: Hibernate ORM core version 5.6.15.Final (org.hibernate.Version.logVersion(Version.java:44))
[29/Mar/2024 00:17:45] [:] INFO - HHH000412: Hibernate ORM core version 5.6.15.Final (org.hibernate.Version.logVersion(Version.java:44))
[29/Mar/2024 00:17:46] [:] INFO - HCANN000001: Hibernate Commons Annotations {5.1.2.Final} (org.hibernate.annotations.common.reflection.java.JavaReflectionManager.<clinit>(JavaReflectionManager.java:56))
[29/Mar/2024 00:17:46] [:] INFO - HCANN000001: Hibernate Commons Annotations {5.1.2.Final} (org.hibernate.annotations.common.reflection.java.JavaReflectionManager.<clinit>(JavaReflectionManager.java:56))
[29/Mar/2024 00:17:46] [:] INFO - Initializing c3p0 pool... com.mchange.v2.c3p0.ComboPooledDataSource [ acquireIncrement -> 1, acquireRetryAttempts -> 30, acquireRetryDelay -> 1000, autoCommitOnClose -> false, automaticTestTable -> null, breakAfterAcquireFailure -> false, checkoutTimeout -> 5000, connectionCustomizerClassName -> null, connectionTesterClassName -> com.mchange.v2.c3p0.impl.DefaultConnectionTester, contextClassLoaderSource -> caller, dataSourceName -> 1hge0yyb211adn9gl7c6mb|2bc9a775, debugUnreturnedConnectionStackTraces -> false, description -> null, driverClass -> com.mysql.cj.jdbc.Driver, extensions -> {}, factoryClassLocation -> null, forceIgnoreUnresolvedTransactions -> false, forceSynchronousCheckins -> false, forceUseNamedDriverClass -> false, identityToken -> 1hge0yyb211adn9gl7c6mb|2bc9a775, idleConnectionTestPeriod -> 0, initialPoolSize -> 3, jdbcUrl -> jdbc:mysql://127.0.0.1:3306/oh, maxAdministrativeTaskTime -> 0, maxConnectionAge -> 0, maxIdleTime -> 300, maxIdleTimeExcessConnections -> 0, maxPoolSize -> 10, maxStatements -> 0, maxStatementsPerConnection -> 0, minPoolSize -> 0, numHelperThreads -> 3, preferredTestQuery -> null, privilegeSpawnedThreads -> false, properties -> {password=******, user=******}, propertyCycle -> 0, statementCacheNumDeferredCloseThreads -> 0, testConnectionOnCheckin -> false, testConnectionOnCheckout -> false, unreturnedConnectionTimeout -> 0, userOverrides -> {}, usesTraditionalReflectiveProxies -> false ] (com.mchange.v2.log.slf4j.Slf4jMLog$Slf4jMLogger$InfoLogger.log(Slf4jMLog.java:212))
[29/Mar/2024 00:17:47] [:] INFO - HHH000400: Using dialect: org.hibernate.dialect.MySQLDialect (org.hibernate.dialect.Dialect.<init>(Dialect.java:175))
[29/Mar/2024 00:17:47] [:] INFO - HHH000400: Using dialect: org.hibernate.dialect.MySQLDialect (org.hibernate.dialect.Dialect.<init>(Dialect.java:175))
[29/Mar/2024 00:17:49] [:] INFO - HHH000490: Using JtaPlatform implementation: [org.hibernate.engine.transaction.jta.platform.internal.NoJtaPlatform] (org.hibernate.engine.transaction.jta.platform.internal.JtaPlatformInitiator.initiateService(JtaPlatformInitiator.java:52))
[29/Mar/2024 00:17:49] [:] INFO - HHH000490: Using JtaPlatform implementation: [org.hibernate.engine.transaction.jta.platform.internal.NoJtaPlatform] (org.hibernate.engine.transaction.jta.platform.internal.JtaPlatformInitiator.initiateService(JtaPlatformInitiator.java:52))
[29/Mar/2024 00:17:49] [:] INFO - Initialized JPA EntityManagerFactory for persistence unit 'default' (org.springframework.orm.jpa.AbstractEntityManagerFactoryBean.buildNativeEntityManagerFactory(AbstractEntityManagerFactoryBean.java:437))
[29/Mar/2024 00:17:53] [:] INFO - SMS Sender GSM started... (org.isf.sms.providers.gsm.GSMGatewayService.<init>(GSMGatewayService.java:57))
[29/Mar/2024 00:17:53] [:] INFO - File sms.properties loaded. (org.isf.generaldata.ConfigurationProperties.loadPropertiesFile(ConfigurationProperties.java:93))
[29/Mar/2024 00:17:53] [:] ERROR - >> 'examination.properties' file not found. (org.isf.generaldata.ConfigurationProperties.loadPropertiesFile(ConfigurationProperties.java:85))
[29/Mar/2024 00:17:53] [:] WARN - HEIGHT_MIN property not found: default is 0 (org.isf.generaldata.ConfigurationProperties.myGetProperty(ConfigurationProperties.java:126))
[29/Mar/2024 00:17:53] [:] WARN - HEIGHT_MAX property not found: default is 250 (org.isf.generaldata.ConfigurationProperties.myGetProperty(ConfigurationProperties.java:126))
[29/Mar/2024 00:17:53] [:] WARN - HEIGHT_INIT property not found: default is 0 (org.isf.generaldata.ConfigurationProperties.myGetProperty(ConfigurationProperties.java:126))
[29/Mar/2024 00:17:53] [:] WARN - WEIGHT_MIN property not found: default is 0 (org.isf.generaldata.ConfigurationProperties.myGetProperty(ConfigurationProperties.java:126))
[29/Mar/2024 00:17:53] [:] WARN - WEIGHT_MAX property not found: default is 200 (org.isf.generaldata.ConfigurationProperties.myGetProperty(ConfigurationProperties.java:126))
[29/Mar/2024 00:17:53] [:] WARN - WEIGHT_STEP property not found: default is 0.1 (org.isf.generaldata.ConfigurationProperties.myGetProperty(ConfigurationProperties.java:161))
[29/Mar/2024 00:17:53] [:] WARN - WEIGHT_INIT property not found: default is 0 (org.isf.generaldata.ConfigurationProperties.myGetProperty(ConfigurationProperties.java:126))
[29/Mar/2024 00:17:53] [:] WARN - AP_MIN_INIT property not found: default is 80 (org.isf.generaldata.ConfigurationProperties.myGetProperty(ConfigurationProperties.java:126))
[29/Mar/2024 00:17:53] [:] WARN - AP_MAX_INIT property not found: default is 120 (org.isf.generaldata.ConfigurationProperties.myGetProperty(ConfigurationProperties.java:126))
[29/Mar/2024 00:17:53] [:] WARN - HR_MIN property not found: default is 0 (org.isf.generaldata.ConfigurationProperties.myGetProperty(ConfigurationProperties.java:126))
[29/Mar/2024 00:17:53] [:] WARN - HR_MAX property not found: default is 240 (org.isf.generaldata.ConfigurationProperties.myGetProperty(ConfigurationProperties.java:126))
[29/Mar/2024 00:17:53] [:] WARN - HR_INIT property not found: default is 60 (org.isf.generaldata.ConfigurationProperties.myGetProperty(ConfigurationProperties.java:126))
[29/Mar/2024 00:17:53] [:] WARN - TEMP_MIN property not found: default is 30 (org.isf.generaldata.ConfigurationProperties.myGetProperty(ConfigurationProperties.java:126))
[29/Mar/2024 00:17:53] [:] WARN - TEMP_MAX property not found: default is 50 (org.isf.generaldata.ConfigurationProperties.myGetProperty(ConfigurationProperties.java:126))
[29/Mar/2024 00:17:53] [:] WARN - TEMP_INIT property not found: default is 36 (org.isf.generaldata.ConfigurationProperties.myGetProperty(ConfigurationProperties.java:126))
[29/Mar/2024 00:17:53] [:] WARN - TEMP_STEP property not found: default is 0.1 (org.isf.generaldata.ConfigurationProperties.myGetProperty(ConfigurationProperties.java:161))
[29/Mar/2024 00:17:53] [:] WARN - SAT_MIN property not found: default is 50 (org.isf.generaldata.ConfigurationProperties.myGetProperty(ConfigurationProperties.java:126))
[29/Mar/2024 00:17:53] [:] WARN - SAT_INIT property not found: default is 90 (org.isf.generaldata.ConfigurationProperties.myGetProperty(ConfigurationProperties.java:126))
[29/Mar/2024 00:17:53] [:] WARN - SAT_STEP property not found: default is 0.1 (org.isf.generaldata.ConfigurationProperties.myGetProperty(ConfigurationProperties.java:161))
[29/Mar/2024 00:17:53] [:] WARN - HGT_MIN property not found: default is 30 (org.isf.generaldata.ConfigurationProperties.myGetProperty(ConfigurationProperties.java:126))
[29/Mar/2024 00:17:53] [:] WARN - HGT_MAX property not found: default is 600 (org.isf.generaldata.ConfigurationProperties.myGetProperty(ConfigurationProperties.java:126))
[29/Mar/2024 00:17:53] [:] WARN - HGT_INIT property not found: default is 80 (org.isf.generaldata.ConfigurationProperties.myGetProperty(ConfigurationProperties.java:126))
[29/Mar/2024 00:17:53] [:] WARN - DIURESIS_MIN property not found: default is 0 (org.isf.generaldata.ConfigurationProperties.myGetProperty(ConfigurationProperties.java:126))
[29/Mar/2024 00:17:53] [:] WARN - DIURESIS_MAX property not found: default is 2500 (org.isf.generaldata.ConfigurationProperties.myGetProperty(ConfigurationProperties.java:126))
[29/Mar/2024 00:17:53] [:] WARN - DIURESIS_INIT property not found: default is 100 (org.isf.generaldata.ConfigurationProperties.myGetProperty(ConfigurationProperties.java:126))
[29/Mar/2024 00:17:53] [:] WARN - RR_MIN property not found: default is 0 (org.isf.generaldata.ConfigurationProperties.myGetProperty(ConfigurationProperties.java:126))
[29/Mar/2024 00:17:53] [:] WARN - RR_MAX property not found: default is 100 (org.isf.generaldata.ConfigurationProperties.myGetProperty(ConfigurationProperties.java:126))
[29/Mar/2024 00:17:53] [:] WARN - RR_INIT property not found: default is 20 (org.isf.generaldata.ConfigurationProperties.myGetProperty(ConfigurationProperties.java:126))
[29/Mar/2024 00:17:53] [:] WARN - LIST_SIZE property not found: default is 4 (org.isf.generaldata.ConfigurationProperties.myGetProperty(ConfigurationProperties.java:126))
[29/Mar/2024 00:17:54] [:] INFO - 

=====================
Starting Open Hospital
=====================
 (org.isf.menu.gui.Menu.createAndShowGUI(Menu.java:59))
[29/Mar/2024 00:17:54] [:] INFO - File version.properties loaded. (org.isf.generaldata.ConfigurationProperties.loadPropertiesFile(ConfigurationProperties.java:93))
[29/Mar/2024 00:17:54] [:] INFO - Open Hospital version 1.14.0 (org.isf.menu.gui.Menu.checkOHVersion(Menu.java:71))
[29/Mar/2024 00:17:54] [:] INFO - Java version 17.0.10 (org.isf.menu.gui.Menu.checkJavaVersion(Menu.java:76))
[29/Mar/2024 00:17:54] [:] INFO - File settings.properties loaded. (org.isf.generaldata.ConfigurationProperties.loadPropertiesFile(ConfigurationProperties.java:93))
[29/Mar/2024 00:17:54] [:] ERROR - >> no resource bundle found. (org.isf.generaldata.MessageBundle.initialize(MessageBundle.java:52))
[29/Mar/2024 00:18:04] [:] INFO - Bootstrapping Spring Data JPA repositories in DEFAULT mode. (org.springframework.data.repository.config.RepositoryConfigurationDelegate.registerRepositoriesIn(RepositoryConfigurationDelegate.java:132))
[29/Mar/2024 00:18:05] [:] INFO - Finished Spring Data repository scanning in 689 ms. Found 58 JPA repository interfaces. (org.springframework.data.repository.config.RepositoryConfigurationDelegate.registerRepositoriesIn(RepositoryConfigurationDelegate.java:201))
[29/Mar/2024 00:18:05] [:] INFO - MLog clients using slf4j logging. (com.mchange.v2.log.slf4j.Slf4jMLog$Slf4jMLogger$InfoLogger.log(Slf4jMLog.java:212))
[29/Mar/2024 00:18:06] [:] INFO - Initializing c3p0-0.9.5.5 [built 11-December-2019 22:18:33 -0800; debug? true; trace: 10] (com.mchange.v2.log.slf4j.Slf4jMLog$Slf4jMLogger$InfoLogger.log(Slf4jMLog.java:212))
[29/Mar/2024 00:18:06] [:] INFO - HHH000204: Processing PersistenceUnitInfo [name: default] (org.hibernate.jpa.internal.util.LogHelper.logPersistenceUnitInformation(LogHelper.java:31))
[29/Mar/2024 00:18:06] [:] INFO - HHH000204: Processing PersistenceUnitInfo [name: default] (org.hibernate.jpa.internal.util.LogHelper.logPersistenceUnitInformation(LogHelper.java:31))
[29/Mar/2024 00:18:06] [:] INFO - HHH000412: Hibernate ORM core version 5.6.15.Final (org.hibernate.Version.logVersion(Version.java:44))
[29/Mar/2024 00:18:06] [:] INFO - HHH000412: Hibernate ORM core version 5.6.15.Final (org.hibernate.Version.logVersion(Version.java:44))
[29/Mar/2024 00:18:07] [:] INFO - HCANN000001: Hibernate Commons Annotations {5.1.2.Final} (org.hibernate.annotations.common.reflection.java.JavaReflectionManager.<clinit>(JavaReflectionManager.java:56))
[29/Mar/2024 00:18:07] [:] INFO - HCANN000001: Hibernate Commons Annotations {5.1.2.Final} (org.hibernate.annotations.common.reflection.java.JavaReflectionManager.<clinit>(JavaReflectionManager.java:56))
[29/Mar/2024 00:18:07] [:] INFO - Initializing c3p0 pool... com.mchange.v2.c3p0.ComboPooledDataSource [ acquireIncrement -> 1, acquireRetryAttempts -> 30, acquireRetryDelay -> 1000, autoCommitOnClose -> false, automaticTestTable -> null, breakAfterAcquireFailure -> false, checkoutTimeout -> 5000, connectionCustomizerClassName -> null, connectionTesterClassName -> com.mchange.v2.c3p0.impl.DefaultConnectionTester, contextClassLoaderSource -> caller, dataSourceName -> 1hge0yyb211ae3ck108yq3g|35835fa, debugUnreturnedConnectionStackTraces -> false, description -> null, driverClass -> com.mysql.cj.jdbc.Driver, extensions -> {}, factoryClassLocation -> null, forceIgnoreUnresolvedTransactions -> false, forceSynchronousCheckins -> false, forceUseNamedDriverClass -> false, identityToken -> 1hge0yyb211ae3ck108yq3g|35835fa, idleConnectionTestPeriod -> 0, initialPoolSize -> 3, jdbcUrl -> jdbc:mysql://127.0.0.1:3306/oh, maxAdministrativeTaskTime -> 0, maxConnectionAge -> 0, maxIdleTime -> 300, maxIdleTimeExcessConnections -> 0, maxPoolSize -> 10, maxStatements -> 0, maxStatementsPerConnection -> 0, minPoolSize -> 0, numHelperThreads -> 3, preferredTestQuery -> null, privilegeSpawnedThreads -> false, properties -> {password=******, user=******}, propertyCycle -> 0, statementCacheNumDeferredCloseThreads -> 0, testConnectionOnCheckin -> false, testConnectionOnCheckout -> false, unreturnedConnectionTimeout -> 0, userOverrides -> {}, usesTraditionalReflectiveProxies -> false ] (com.mchange.v2.log.slf4j.Slf4jMLog$Slf4jMLogger$InfoLogger.log(Slf4jMLog.java:212))
[29/Mar/2024 00:18:08] [:] INFO - HHH000400: Using dialect: org.hibernate.dialect.MySQLDialect (org.hibernate.dialect.Dialect.<init>(Dialect.java:175))
[29/Mar/2024 00:18:08] [:] INFO - HHH000400: Using dialect: org.hibernate.dialect.MySQLDialect (org.hibernate.dialect.Dialect.<init>(Dialect.java:175))
[29/Mar/2024 00:18:10] [:] INFO - HHH000490: Using JtaPlatform implementation: [org.hibernate.engine.transaction.jta.platform.internal.NoJtaPlatform] (org.hibernate.engine.transaction.jta.platform.internal.JtaPlatformInitiator.initiateService(JtaPlatformInitiator.java:52))
[29/Mar/2024 00:18:10] [:] INFO - HHH000490: Using JtaPlatform implementation: [org.hibernate.engine.transaction.jta.platform.internal.NoJtaPlatform] (org.hibernate.engine.transaction.jta.platform.internal.JtaPlatformInitiator.initiateService(JtaPlatformInitiator.java:52))
[29/Mar/2024 00:18:10] [:] INFO - Initialized JPA EntityManagerFactory for persistence unit 'default' (org.springframework.orm.jpa.AbstractEntityManagerFactoryBean.buildNativeEntityManagerFactory(AbstractEntityManagerFactoryBean.java:437))
[29/Mar/2024 00:18:15] [:] INFO - SMS Sender GSM started... (org.isf.sms.providers.gsm.GSMGatewayService.<init>(GSMGatewayService.java:57))
[29/Mar/2024 00:18:15] [:] INFO - File sms.properties loaded. (org.isf.generaldata.ConfigurationProperties.loadPropertiesFile(ConfigurationProperties.java:93))
[29/Mar/2024 00:18:15] [:] ERROR - >> 'examination.properties' file not found. (org.isf.generaldata.ConfigurationProperties.loadPropertiesFile(ConfigurationProperties.java:85))
[29/Mar/2024 00:18:15] [:] WARN - HEIGHT_MIN property not found: default is 0 (org.isf.generaldata.ConfigurationProperties.myGetProperty(ConfigurationProperties.java:126))
[29/Mar/2024 00:18:15] [:] WARN - HEIGHT_MAX property not found: default is 250 (org.isf.generaldata.ConfigurationProperties.myGetProperty(ConfigurationProperties.java:126))
[29/Mar/2024 00:18:15] [:] WARN - HEIGHT_INIT property not found: default is 0 (org.isf.generaldata.ConfigurationProperties.myGetProperty(ConfigurationProperties.java:126))
[29/Mar/2024 00:18:15] [:] WARN - WEIGHT_MIN property not found: default is 0 (org.isf.generaldata.ConfigurationProperties.myGetProperty(ConfigurationProperties.java:126))
[29/Mar/2024 00:18:15] [:] WARN - WEIGHT_MAX property not found: default is 200 (org.isf.generaldata.ConfigurationProperties.myGetProperty(ConfigurationProperties.java:126))
[29/Mar/2024 00:18:15] [:] WARN - WEIGHT_STEP property not found: default is 0.1 (org.isf.generaldata.ConfigurationProperties.myGetProperty(ConfigurationProperties.java:161))
[29/Mar/2024 00:18:15] [:] WARN - WEIGHT_INIT property not found: default is 0 (org.isf.generaldata.ConfigurationProperties.myGetProperty(ConfigurationProperties.java:126))
[29/Mar/2024 00:18:15] [:] WARN - AP_MIN_INIT property not found: default is 80 (org.isf.generaldata.ConfigurationProperties.myGetProperty(ConfigurationProperties.java:126))
[29/Mar/2024 00:18:15] [:] WARN - AP_MAX_INIT property not found: default is 120 (org.isf.generaldata.ConfigurationProperties.myGetProperty(ConfigurationProperties.java:126))
[29/Mar/2024 00:18:15] [:] WARN - HR_MIN property not found: default is 0 (org.isf.generaldata.ConfigurationProperties.myGetProperty(ConfigurationProperties.java:126))
[29/Mar/2024 00:18:15] [:] WARN - HR_MAX property not found: default is 240 (org.isf.generaldata.ConfigurationProperties.myGetProperty(ConfigurationProperties.java:126))
[29/Mar/2024 00:18:15] [:] WARN - HR_INIT property not found: default is 60 (org.isf.generaldata.ConfigurationProperties.myGetProperty(ConfigurationProperties.java:126))
[29/Mar/2024 00:18:15] [:] WARN - TEMP_MIN property not found: default is 30 (org.isf.generaldata.ConfigurationProperties.myGetProperty(ConfigurationProperties.java:126))
[29/Mar/2024 00:18:15] [:] WARN - TEMP_MAX property not found: default is 50 (org.isf.generaldata.ConfigurationProperties.myGetProperty(ConfigurationProperties.java:126))
[29/Mar/2024 00:18:15] [:] WARN - TEMP_INIT property not found: default is 36 (org.isf.generaldata.ConfigurationProperties.myGetProperty(ConfigurationProperties.java:126))
[29/Mar/2024 00:18:15] [:] WARN - TEMP_STEP property not found: default is 0.1 (org.isf.generaldata.ConfigurationProperties.myGetProperty(ConfigurationProperties.java:161))
[29/Mar/2024 00:18:15] [:] WARN - SAT_MIN property not found: default is 50 (org.isf.generaldata.ConfigurationProperties.myGetProperty(ConfigurationProperties.java:126))
[29/Mar/2024 00:18:15] [:] WARN - SAT_INIT property not found: default is 90 (org.isf.generaldata.ConfigurationProperties.myGetProperty(ConfigurationProperties.java:126))
[29/Mar/2024 00:18:15] [:] WARN - SAT_STEP property not found: default is 0.1 (org.isf.generaldata.ConfigurationProperties.myGetProperty(ConfigurationProperties.java:161))
[29/Mar/2024 00:18:15] [:] WARN - HGT_MIN property not found: default is 30 (org.isf.generaldata.ConfigurationProperties.myGetProperty(ConfigurationProperties.java:126))
[29/Mar/2024 00:18:15] [:] WARN - HGT_MAX property not found: default is 600 (org.isf.generaldata.ConfigurationProperties.myGetProperty(ConfigurationProperties.java:126))
[29/Mar/2024 00:18:15] [:] WARN - HGT_INIT property not found: default is 80 (org.isf.generaldata.ConfigurationProperties.myGetProperty(ConfigurationProperties.java:126))
[29/Mar/2024 00:18:15] [:] WARN - DIURESIS_MIN property not found: default is 0 (org.isf.generaldata.ConfigurationProperties.myGetProperty(ConfigurationProperties.java:126))
[29/Mar/2024 00:18:15] [:] WARN - DIURESIS_MAX property not found: default is 2500 (org.isf.generaldata.ConfigurationProperties.myGetProperty(ConfigurationProperties.java:126))
[29/Mar/2024 00:18:15] [:] WARN - DIURESIS_INIT property not found: default is 100 (org.isf.generaldata.ConfigurationProperties.myGetProperty(ConfigurationProperties.java:126))
[29/Mar/2024 00:18:15] [:] WARN - RR_MIN property not found: default is 0 (org.isf.generaldata.ConfigurationProperties.myGetProperty(ConfigurationProperties.java:126))
[29/Mar/2024 00:18:15] [:] WARN - RR_MAX property not found: default is 100 (org.isf.generaldata.ConfigurationProperties.myGetProperty(ConfigurationProperties.java:126))
[29/Mar/2024 00:18:15] [:] WARN - RR_INIT property not found: default is 20 (org.isf.generaldata.ConfigurationProperties.myGetProperty(ConfigurationProperties.java:126))
[29/Mar/2024 00:18:15] [:] WARN - LIST_SIZE property not found: default is 4 (org.isf.generaldata.ConfigurationProperties.myGetProperty(ConfigurationProperties.java:126))
[29/Mar/2024 00:18:16] [:] INFO - 

=====================
Starting Open Hospital
=====================
 (org.isf.menu.gui.Menu.createAndShowGUI(Menu.java:59))
[29/Mar/2024 00:18:16] [:] INFO - File version.properties loaded. (org.isf.generaldata.ConfigurationProperties.loadPropertiesFile(ConfigurationProperties.java:93))
[29/Mar/2024 00:18:16] [:] INFO - Open Hospital version 1.14.0 (org.isf.menu.gui.Menu.checkOHVersion(Menu.java:71))
[29/Mar/2024 00:18:16] [:] INFO - Java version 17.0.10 (org.isf.menu.gui.Menu.checkJavaVersion(Menu.java:76))
[29/Mar/2024 00:18:16] [:] INFO - File settings.properties loaded. (org.isf.generaldata.ConfigurationProperties.loadPropertiesFile(ConfigurationProperties.java:93))
[29/Mar/2024 00:18:16] [:] ERROR - >> no resource bundle found. (org.isf.generaldata.MessageBundle.initialize(MessageBundle.java:52))
